[GIN-debug] [WARNING] Creating an Engine instance with the Logger and Recovery middleware already attached.

[GIN-debug] [WARNING] Running in "debug" mode. Switch to "release" mode in production.
 - using env:	export GIN_MODE=release
 - using code:	gin.SetMode(gin.ReleaseMode)

[GIN-debug] GET    /                         --> main.main.func2 (4 handlers)
[GIN-debug] GET    /uploads/*filepath        --> github.com/gin-gonic/gin.(*RouterGroup).createStaticHandler.func1 (4 handlers)
[GIN-debug] HEAD   /uploads/*filepath        --> github.com/gin-gonic/gin.(*RouterGroup).createStaticHandler.func1 (4 handlers)
[GIN-debug] POST   /auth/register            --> bmcgoapp-backend/handlers.RegisterHandler (4 handlers)
[GIN-debug] POST   /auth/login               --> bmcgoapp-backend/handlers.LoginHandler (4 handlers)
[GIN-debug] POST   /auth/create-mentor       --> bmcgoapp-backend/handlers.CreateMentor (6 handlers)
[GIN-debug] GET    /auth/mentors             --> bmcgoapp-backend/handlers.GetMentors (6 handlers)
[GIN-debug] DELETE /auth/mentors/:id         --> bmcgoapp-backend/handlers.DeleteMentor (6 handlers)
[GIN-debug] GET    /api/profile              --> bmcgoapp-backend/routes.ProtectedRoutes.func1 (5 handlers)
[GIN-debug] GET    /api/admin/dashboard      --> bmcgoapp-backend/handlers.GetAdminDashboard (6 handlers)
[GIN-debug] GET    /api/admin/dashboard-summary --> bmcgoapp-backend/handlers.GetAdminDashboardSummary (6 handlers)
[GIN-debug] POST   /api/admin/paket-les      --> bmcgoapp-backend/handlers.CreatePaketLes (6 handlers)
[GIN-debug] GET    /api/admin/paket-les      --> bmcgoapp-backend/handlers.GetPaketLesList (6 handlers)
[GIN-debug] GET    /api/admin/paket-les/:id  --> bmcgoapp-backend/handlers.GetPaketLesDetail (6 handlers)
[GIN-debug] PUT    /api/admin/paket-les/:id  --> bmcgoapp-backend/handlers.UpdatePaketLes (6 handlers)
[GIN-debug] DELETE /api/admin/paket-les/:id  --> bmcgoapp-backend/handlers.DeletePaketLes (6 handlers)
[GIN-debug] GET    /api/admin/paket-les-stats --> bmcgoapp-backend/handlers.GetPaketLesStats (6 handlers)
[GIN-debug] GET    /api/mentor/kelas         --> bmcgoapp-backend/routes.ProtectedRoutes.func2 (6 handlers)
[GIN-debug] GET    /api/mentor/soal-latihan  --> bmcgoapp-backend/handlers.GetSoalLatihanHandler (6 handlers)
[GIN-debug] POST   /api/mentor/soal-latihan  --> bmcgoapp-backend/handlers.CreateSoalLatihanHandler (6 handlers)
[GIN-debug] PUT    /api/mentor/soal-latihan/:soalId --> bmcgoapp-backend/handlers.UpdateSoalLatihanHandler (6 handlers)
[GIN-debug] DELETE /api/mentor/soal-latihan/:soalId --> bmcgoapp-backend/handlers.DeleteSoalLatihanHandler (6 handlers)
[GIN-debug] GET    /api/mentor/tryout        --> bmcgoapp-backend/handlers.GetTryoutHandler (6 handlers)
[GIN-debug] POST   /api/mentor/tryout        --> bmcgoapp-backend/handlers.CreateTryoutHandler (6 handlers)
[GIN-debug] PUT    /api/mentor/tryout/:id    --> bmcgoapp-backend/handlers.UpdateTryoutHandler (6 handlers)
[GIN-debug] DELETE /api/mentor/tryout/:id    --> bmcgoapp-backend/handlers.DeleteTryoutHandler (6 handlers)
[GIN-debug] GET    /api/mentor/tryout/:id/hasil --> bmcgoapp-backend/handlers.GetHasilTryoutByTryoutHandler (6 handlers)
[GIN-debug] POST   /api/mentor/tryout/:id/hasil --> bmcgoapp-backend/handlers.CreateHasilTryoutHandler (6 handlers)
[GIN-debug] GET    /api/mentor/evaluasi      --> bmcgoapp-backend/handlers.GetEvaluasiHandler (6 handlers)
[GIN-debug] POST   /api/mentor/evaluasi      --> bmcgoapp-backend/handlers.CreateEvaluasiHandler (6 handlers)
[GIN-debug] GET    /api/mentor/olimpiade     --> bmcgoapp-backend/handlers.GetOlimpiadeHandler (6 handlers)
[GIN-debug] POST   /api/mentor/olimpiade     --> bmcgoapp-backend/handlers.CreateOlimpiadeHandler (6 handlers)
[GIN-debug] PUT    /api/mentor/olimpiade/:id --> bmcgoapp-backend/handlers.UpdateOlimpiadeHandler (6 handlers)
[GIN-debug] DELETE /api/mentor/olimpiade/:id --> bmcgoapp-backend/handlers.DeleteOlimpiadeHandler (6 handlers)
[GIN-debug] GET    /api/mentor/olimpiade/:id/peserta --> bmcgoapp-backend/handlers.GetPesertaOlimpiadeHandler (6 handlers)
[GIN-debug] POST   /api/mentor/olimpiade/:id/peserta --> bmcgoapp-backend/handlers.CreatePesertaOlimpiadeHandler (6 handlers)
[GIN-debug] POST   /api/mentor/attendance/start --> bmcgoapp-backend/handlers.StartAttendanceSessionHandler (6 handlers)
[GIN-debug] GET    /api/mentor/attendance/active --> bmcgoapp-backend/handlers.GetActiveAttendanceSessionHandler (6 handlers)
[GIN-debug] GET    /api/mentor/attendance/sessions/:sessionId/summary --> bmcgoapp-backend/handlers.GetAttendanceSessionSummaryHandler (6 handlers)
[GIN-debug] GET    /api/mentor/attendance/rules --> bmcgoapp-backend/handlers.DebugAttendanceExplainHandler (6 handlers)
[GIN-debug] GET    /api/siswa/jadwal         --> bmcgoapp-backend/routes.ProtectedRoutes.func3 (6 handlers)
[GIN-debug] POST   /api/siswa/attendance/submit --> bmcgoapp-backend/handlers.SubmitAttendanceTokenHandler (6 handlers)
[GIN-debug] GET    /api/siswa/attendance/history --> bmcgoapp-backend/handlers.GetStudentAttendanceHistoryHandler (6 handlers)
[GIN-debug] POST   /payment/notification     --> bmcgoapp-backend/handlers.PaymentNotification (4 handlers)
[GIN-debug] POST   /payment/create-transaction --> bmcgoapp-backend/handlers.CreateTransaction (5 handlers)
[GIN-debug] POST   /payment/submit-transfer  --> bmcgoapp-backend/handlers.SubmitManualTransferConfirmation (5 handlers)
[GIN-debug] GET    /payment/history          --> bmcgoapp-backend/handlers.GetPaymentHistory (5 handlers)
[GIN-debug] GET    /payment/status/:transactionId --> bmcgoapp-backend/handlers.CheckPaymentStatus (5 handlers)
[GIN-debug] POST   /payment/finish-transaction --> bmcgoapp-backend/handlers.FinishTransaction (5 handlers)
[GIN-debug] GET    /payment/verification-status --> bmcgoapp-backend/handlers.GetVerificationStatus (5 handlers)
[GIN-debug] GET    /admin/payment/overview   --> bmcgoapp-backend/handlers.GetVerificationOverview (6 handlers)
[GIN-debug] GET    /admin/payment/pending-verifications --> bmcgoapp-backend/handlers.GetPendingVerifications (6 handlers)
[GIN-debug] POST   /admin/payment/verify/:transactionId --> bmcgoapp-backend/handlers.VerifyPayment (6 handlers)
[GIN-debug] POST   /admin/payment/reject/:transactionId --> bmcgoapp-backend/handlers.RejectPayment (6 handlers)
[GIN-debug] GET    /mentor/                  --> bmcgoapp-backend/handlers.GetMentors (4 handlers)
[GIN-debug] POST   /mentor/                  --> bmcgoapp-backend/handlers.CreateMentor (4 handlers)
[GIN-debug] PUT    /mentor/:id               --> bmcgoapp-backend/handlers.UpdateMentor (4 handlers)
[GIN-debug] DELETE /mentor/:id               --> bmcgoapp-backend/handlers.DeleteMentor (4 handlers)
[GIN-debug] POST   /mentor/materi            --> bmcgoapp-backend/handlers.UploadMateri (4 handlers)
[GIN-debug] GET    /mentor/materi            --> bmcgoapp-backend/handlers.GetMateriByMentor (4 handlers)
[GIN-debug] DELETE /mentor/materi/:id        --> bmcgoapp-backend/handlers.DeleteMateri (4 handlers)
[GIN-debug] Listening and serving HTTP on :8080
[GIN] 2026/04/27 - 10:14:41 | 200 |       0s |       127.0.0.1 | GET      "/"
